<?xml version="1.0" encoding="UTF-8"?>
<!-- Generated by org.testng.reporters.JUnitXMLReporter -->
<testsuite ignored="0" hostname="LAPTOP-PF26IT9U" failures="0" tests="7" name="Surefire test" time="15.189" errors="0" timestamp="2026-03-21T21:10:36 IST">
  <testcase classname="com.apitest.test.AppTest" name="ValidRegistration" time="4.634"/>
  <testcase classname="com.apitest.test.AppTest" name="duplicateTest" time="2.175"/>
  <testcase classname="com.apitest.test.AppTest" name="extraField" time="0.947"/>
  <testcase classname="com.apitest.test.AppTest" name="invalidEmail" time="2.217"/>
  <testcase classname="com.apitest.test.AppTest" name="largePayload" time="2.428"/>
  <testcase classname="com.apitest.test.AppTest" name="missingFields" time="0.556"/>
  <testcase classname="com.apitest.test.AppTest" name="passwordTooShort" time="0.913"/>
</testsuite> <!-- Surefire test -->
