<?xml version="1.0" encoding="UTF-8"?>
<!-- Generated by org.testng.reporters.JUnitXMLReporter -->
<testsuite ignored="0" hostname="LAPTOP-PF26IT9U" failures="0" tests="12" name="Surefire test" time="7.851" errors="0" timestamp="2026-03-24T09:57:26 IST">
  <testcase classname="com.apitest.test.LoginTest" name="loginSuccess" time="2.512"/>
  <testcase classname="com.apitest.test.LoginTest" name="invalidUser" time="0.898"/>
  <testcase classname="com.apitest.test.LoginTest" name="missingField" time="0.334"/>
  <testcase classname="com.apitest.test.LoginTest" name="wrongPassword" time="0.352"/>
  <testcase classname="com.apitest.test.LoginTest" name="getCurrUser" time="0.251"/>
  <testcase classname="com.apitest.test.RegisterTest" name="ValidRegistration" time="0.628"/>
  <testcase classname="com.apitest.test.RegisterTest" name="duplicateTest" time="0.3"/>
  <testcase classname="com.apitest.test.RegisterTest" name="extraField" time="0.382"/>
  <testcase classname="com.apitest.test.RegisterTest" name="invalidEmail" time="0.326"/>
  <testcase classname="com.apitest.test.RegisterTest" name="largePayload" time="0.369"/>
  <testcase classname="com.apitest.test.RegisterTest" name="missingFields" time="0.277"/>
  <testcase classname="com.apitest.test.RegisterTest" name="passwordTooShort" time="0.261"/>
</testsuite> <!-- Surefire test -->
