<?xml version="1.0" encoding="UTF-8"?>
<!-- Generated by org.testng.reporters.JUnitXMLReporter -->
<testsuite ignored="0" hostname="LAPTOP-PF26IT9U" failures="0" tests="7" name="Default test" time="14.417" errors="0" timestamp="2026-03-21T21:05:54 IST">
  <testcase classname="com.apitest.test.AppTest" name="ValidRegistration" time="3.397"/>
  <testcase classname="com.apitest.test.AppTest" name="duplicateTest" time="1.56"/>
  <testcase classname="com.apitest.test.AppTest" name="extraField" time="2.479"/>
  <testcase classname="com.apitest.test.AppTest" name="invalidEmail" time="0.688"/>
  <testcase classname="com.apitest.test.AppTest" name="largePayload" time="1.619"/>
  <testcase classname="com.apitest.test.AppTest" name="missingFields" time="3.346"/>
  <testcase classname="com.apitest.test.AppTest" name="passwordTooShort" time="0.548"/>
</testsuite> <!-- Default test -->
