<?xml version="1.0" encoding="UTF-8"?>
<!-- Generated by org.testng.reporters.JUnitXMLReporter -->
<testsuite ignored="0" hostname="LAPTOP-PF26IT9U" failures="0" tests="5" name="Default test" time="5.238" errors="0" timestamp="2026-03-24T09:55:11 IST">
  <testcase classname="com.apitest.test.LoginTest" name="loginSuccess" time="2.554"/>
  <testcase classname="com.apitest.test.LoginTest" name="invalidUser" time="0.888"/>
  <testcase classname="com.apitest.test.LoginTest" name="missingField" time="0.373"/>
  <testcase classname="com.apitest.test.LoginTest" name="wrongPassword" time="0.357"/>
  <testcase classname="com.apitest.test.LoginTest" name="getCurrUser" time="0.27"/>
</testsuite> <!-- Default test -->
