<?xml version="1.0" encoding="UTF-8"?>
<testsuite xmlns:xsi="http://www.w3.org/2001/XMLSchema-instance" xsi:noNamespaceSchemaLocation="https://maven.apache.org/surefire/maven-surefire-plugin/xsd/surefire-test-report.xsd" version="3.0.1" name="TestSuite" time="8.51" tests="12" errors="0" skipped="0" failures="0">
  <properties>
[...]
</properties>
  <testcase name="loginSuccess" classname="com.apitest.test.LoginTest" time="2.512">
    <system-err><![CDATA[SLF4J(W): No SLF4J providers were found.
SLF4J(W): Defaulting to no-operation (NOP) logger implementation
SLF4J(W): See https://www.slf4j.org/codes.html#noProviders for further details.
]]></system-err>
  </testcase>
  <testcase name="invalidUser" classname="com.apitest.test.LoginTest" time="0.893">
    <system-out><![CDATA[1774326442355]]></system-out>
  </testcase>
  <testcase name="missingField" classname="com.apitest.test.LoginTest" time="0.335">
    <system-out><![CDATA[1774326443260]]></system-out>
  </testcase>
  <testcase name="wrongPassword" classname="com.apitest.test.LoginTest" time="0.352"/>
  <testcase name="getCurrUser" classname="com.apitest.test.LoginTest" time="0.251"/>
  <testcase name="ValidRegistration" classname="com.apitest.test.RegisterTest" time="0.628"/>
  <testcase name="duplicateTest" classname="com.apitest.test.RegisterTest" time="0.3"/>
  <testcase name="extraField" classname="com.apitest.test.RegisterTest" time="0.383"/>
  <testcase name="invalidEmail" classname="com.apitest.test.RegisterTest" time="0.326"/>
  <testcase name="largePayload" classname="com.apitest.test.RegisterTest" time="0.37"/>
  <testcase name="missingFields" classname="com.apitest.test.RegisterTest" time="0.278"/>
  <testcase name="passwordTooShort" classname="com.apitest.test.RegisterTest" time="0.26"/>
</testsuite>