<?xml version="1.0" encoding="UTF-8"?>
<!-- Generated by org.testng.reporters.JUnitReportReporter -->
<testsuite hostname="LAPTOP-PF26IT9U" failures="0" tests="5" name="com.apitest.test.LoginTest" time="5.177" errors="0" timestamp="2026-03-24T09:55:11 IST" skipped="0">
  <testcase classname="com.apitest.test.LoginTest" name="missingField" time="0.376"/>
  <testcase classname="com.apitest.test.LoginTest" name="wrongPassword" time="0.361"/>
  <testcase classname="com.apitest.test.LoginTest" name="getCurrUser" time="0.275"/>
  <testcase classname="com.apitest.test.LoginTest" name="loginSuccess" time="3.275"/>
  <testcase classname="com.apitest.test.LoginTest" name="invalidUser" time="0.890"/>
</testsuite> <!-- com.apitest.test.LoginTest -->
