<?xml version="1.0" encoding="UTF-8"?>
<!-- Generated by org.testng.reporters.JUnitReportReporter -->
<testsuite hostname="LAPTOP-PF26IT9U" failures="0" tests="7" name="com.apitest.bdd.AppTest" time="5.502" errors="0" timestamp="2026-03-21T12:40:05 IST" skipped="0">
  <testcase classname="com.apitest.bdd.AppTest" name="passwordTooShort" time="0.261"/>
  <testcase classname="com.apitest.bdd.AppTest" name="extraField" time="0.384"/>
  <testcase classname="com.apitest.bdd.AppTest" name="duplicateTest" time="0.402"/>
  <testcase classname="com.apitest.bdd.AppTest" name="largePayload" time="0.403"/>
  <testcase classname="com.apitest.bdd.AppTest" name="ValidRegistration" time="2.962"/>
  <testcase classname="com.apitest.bdd.AppTest" name="invalidEmail" time="0.317"/>
  <testcase classname="com.apitest.bdd.AppTest" name="missingFields" time="0.773"/>
</testsuite> <!-- com.apitest.bdd.AppTest -->
