<?xml version="1.0" encoding="UTF-8"?>
<!-- Generated by org.testng.reporters.JUnitReportReporter -->
<testsuite hostname="LAPTOP-PF26IT9U" failures="0" tests="7" name="com.apitest.test.AppTest" time="14.350" errors="0" timestamp="2026-03-21T21:05:55 IST" skipped="0">
  <testcase classname="com.apitest.test.AppTest" name="ValidRegistration" time="3.400"/>
  <testcase classname="com.apitest.test.AppTest" name="extraField" time="2.483"/>
  <testcase classname="com.apitest.test.AppTest" name="largePayload" time="1.621"/>
  <testcase classname="com.apitest.test.AppTest" name="passwordTooShort" time="1.232"/>
  <testcase classname="com.apitest.test.AppTest" name="invalidEmail" time="0.691"/>
  <testcase classname="com.apitest.test.AppTest" name="missingFields" time="3.358"/>
  <testcase classname="com.apitest.test.AppTest" name="duplicateTest" time="1.565"/>
</testsuite> <!-- com.apitest.test.AppTest -->
