<?xml version="1.0" encoding="UTF-8"?>
<!-- Generated by org.testng.reporters.JUnitReportReporter -->
<testsuite hostname="LAPTOP-PF26IT9U" failures="0" tests="15" name="com.apitest.test.EventTest" time="16.495" errors="0" timestamp="2026-03-26T21:03:32 IST" skipped="0">
  <testcase classname="com.apitest.test.EventTest" name="updateEventEmpBody" time="1.516"/>
  <testcase classname="com.apitest.test.EventTest" name="createEventEmpToken" time="3.144"/>
  <testcase classname="com.apitest.test.EventTest" name="createEventInalidToken" time="2.331"/>
  <testcase classname="com.apitest.test.EventTest" name="createEventNoBody" time="0.648"/>
  <testcase classname="com.apitest.test.EventTest" name="createEvents" time="0.934"/>
  <testcase classname="com.apitest.test.EventTest" name="deleteEventBydId" time="0.508"/>
  <testcase classname="com.apitest.test.EventTest" name="deleteEventinvalidId" time="1.223"/>
  <testcase classname="com.apitest.test.EventTest" name="updateEventInvalidId" time="0.520"/>
  <testcase classname="com.apitest.test.EventTest" name="failEvents" time="0.706"/>
  <testcase classname="com.apitest.test.EventTest" name="updateEventEmpToken" time="0.463"/>
  <testcase classname="com.apitest.test.EventTest" name="listAllEvents" time="0.909"/>
  <testcase classname="com.apitest.test.EventTest" name="updateEvent" time="0.493"/>
  <testcase classname="com.apitest.test.EventTest" name="eventsByIdNotFound" time="0.426"/>
  <testcase classname="com.apitest.test.EventTest" name="eventsById" time="1.198"/>
  <testcase classname="com.apitest.test.EventTest" name="expTokenEvents" time="1.476"/>
</testsuite> <!-- com.apitest.test.EventTest -->
