<?xml version="1.0" encoding="UTF-8"?>
<!-- Generated by org.testng.reporters.JUnitReportReporter -->
<testsuite hostname="LAPTOP-PF26IT9U" failures="0" tests="5" name="com.apitest.test.LoginTest" time="5.221" errors="0" timestamp="2026-03-24T09:57:26 IST" skipped="0">
  <testcase classname="com.apitest.test.LoginTest" name="missingField" time="0.339"/>
  <testcase classname="com.apitest.test.LoginTest" name="loginSuccess" time="2.516"/>
  <testcase classname="com.apitest.test.LoginTest" name="wrongPassword" time="0.354"/>
  <testcase classname="com.apitest.test.LoginTest" name="invalidUser" time="0.902"/>
  <testcase classname="com.apitest.test.LoginTest" name="getCurrUser" time="1.110"/>
</testsuite> <!-- com.apitest.test.LoginTest -->
