<?xml version="1.0" encoding="UTF-8"?>
<!-- Generated by org.testng.reporters.JUnitReportReporter -->
<testsuite hostname="LAPTOP-PF26IT9U" failures="0" tests="5" name="com.apitest.test.LoginTest" time="5.283" errors="0" timestamp="2026-03-24T10:44:43 IST" skipped="0">
  <testcase classname="com.apitest.test.LoginTest" name="missingField" time="0.403"/>
  <testcase classname="com.apitest.test.LoginTest" name="loginSuccess" time="2.553"/>
  <testcase classname="com.apitest.test.LoginTest" name="wrongPassword" time="0.439"/>
  <testcase classname="com.apitest.test.LoginTest" name="invalidUser" time="0.831"/>
  <testcase classname="com.apitest.test.LoginTest" name="getCurrUser" time="1.057"/>
</testsuite> <!-- com.apitest.test.LoginTest -->
