<?xml version="1.0" encoding="UTF-8"?>
<!-- Generated by org.testng.reporters.JUnitReportReporter -->
<testsuite hostname="LAPTOP-PF26IT9U" failures="0" tests="7" name="com.apitest.test.AppTest" time="15.116" errors="0" timestamp="2026-03-21T21:10:36 IST" skipped="0">
  <testcase classname="com.apitest.test.AppTest" name="missingFields" time="0.560"/>
  <testcase classname="com.apitest.test.AppTest" name="ValidRegistration" time="4.641"/>
  <testcase classname="com.apitest.test.AppTest" name="largePayload" time="2.430"/>
  <testcase classname="com.apitest.test.AppTest" name="invalidEmail" time="2.222"/>
  <testcase classname="com.apitest.test.AppTest" name="extraField" time="0.949"/>
  <testcase classname="com.apitest.test.AppTest" name="duplicateTest" time="3.398"/>
  <testcase classname="com.apitest.test.AppTest" name="passwordTooShort" time="0.916"/>
</testsuite> <!-- com.apitest.test.AppTest -->
