<?xml version="1.0" encoding="UTF-8"?>
<!-- Generated by org.testng.reporters.JUnitReportReporter -->
<testsuite hostname="LAPTOP-PF26IT9U" failures="0" tests="7" name="com.apitest.test.RegisterTest" time="2.739" errors="0" timestamp="2026-03-24T10:44:43 IST" skipped="0">
  <testcase classname="com.apitest.test.RegisterTest" name="passwordTooShort" time="0.355"/>
  <testcase classname="com.apitest.test.RegisterTest" name="invalidEmail" time="0.345"/>
  <testcase classname="com.apitest.test.RegisterTest" name="missingFields" time="0.407"/>
  <testcase classname="com.apitest.test.RegisterTest" name="extraField" time="0.431"/>
  <testcase classname="com.apitest.test.RegisterTest" name="ValidRegistration" time="0.439"/>
  <testcase classname="com.apitest.test.RegisterTest" name="largePayload" time="0.432"/>
  <testcase classname="com.apitest.test.RegisterTest" name="duplicateTest" time="0.330"/>
</testsuite> <!-- com.apitest.test.RegisterTest -->
