<?xml version="1.0" encoding="UTF-8"?>
<!-- Generated by org.testng.reporters.JUnitReportReporter -->
<testsuite hostname="LAPTOP-PF26IT9U" failures="0" tests="7" name="com.apitest.test.RegisterTest" time="2.556" errors="0" timestamp="2026-03-24T09:57:26 IST" skipped="0">
  <testcase classname="com.apitest.test.RegisterTest" name="passwordTooShort" time="0.263"/>
  <testcase classname="com.apitest.test.RegisterTest" name="invalidEmail" time="0.327"/>
  <testcase classname="com.apitest.test.RegisterTest" name="missingFields" time="0.280"/>
  <testcase classname="com.apitest.test.RegisterTest" name="extraField" time="0.384"/>
  <testcase classname="com.apitest.test.RegisterTest" name="ValidRegistration" time="0.630"/>
  <testcase classname="com.apitest.test.RegisterTest" name="largePayload" time="0.370"/>
  <testcase classname="com.apitest.test.RegisterTest" name="duplicateTest" time="0.302"/>
</testsuite> <!-- com.apitest.test.RegisterTest -->
